2025-05-25 20:15:29,350 - INFO - 开始爬取微博 5168394120204851 的评论
2025-05-25 20:15:29,955 - INFO - 已爬取第1页，共 20 条评论
2025-05-25 20:15:32,482 - ERROR - 请求第2页时出错: [Errno Expecting value] <!doctype html>
<html lang="en">
  <head>
    <meta charset="UTF-8" />
    <link rel="shortcut icon" href="https://weibo.com/favicon.ico" />
    <meta name="viewport" content="width=device-width, initial-scale=1.0, user-scalable=no, viewport-fit=cover" />
    <meta http-equiv="Content-Security-Policy" content="upgrade-insecure-requests" />
    <script src="https://passport.sinaimg.cn/js/fp/90186b2b.umd.js" defer="defer"></script>
    <title>ç»å½ - å¾®å</title>
    <script type="module" crossorigin src="https://h5.sinaimg.cn/m/login/assets/index-mtehuK3_.js"></script>
    <link rel="stylesheet" crossorigin href="https://h5.sinaimg.cn/m/login/assets/index-oDJgPySu.css">
    <script type="module">import.meta.url;import("_").catch(()=>1);(async function*(){})().next();if(location.protocol!="file:"){window.__vite_is_modern_browser=true}</script>
    <script type="module">!function(){if(window.__vite_is_modern_browser)return;console.warn("vite: loading legacy chunks, syntax error above and the same error below should be ignored");var e=document.getElementById("vite-legacy-polyfill"),n=document.createElement("script");n.src=e.src,n.onload=function(){System.import(document.getElementById('vite-legacy-entry').getAttribute('data-src'))},document.body.appendChild(n)}();</script>
  </head>
  <body>
    <div id="app"></div>
    <script nomodule>!function(){var e=document,t=e.createElement("script");if(!("noModule"in t)&&"onbeforeload"in t){var n=!1;e.addEventListener("beforeload",(function(e){if(e.target===t)n=!0;else if(!e.target.hasAttribute("nomodule")||!n)return;e.preventDefault()}),!0),t.type="module",t.src=".",e.head.appendChild(t),t.remove()}}();</script>
    <script nomodule crossorigin id="vite-legacy-polyfill" src="https://h5.sinaimg.cn/m/login/assets/polyfills-legacy-a6DDm_QJ.js"></script>
    <script nomodule crossorigin id="vite-legacy-entry" data-src="https://h5.sinaimg.cn/m/login/assets/index-legacy-t6EJiOSU.js">System.import(document.getElementById('vite-legacy-entry').getAttribute('data-src'))</script>
  </body>
</html>
: 0
2025-05-25 20:15:39,469 - ERROR - 请求第2页时出错: [Errno Expecting value] <!doctype html>
<html lang="en">
  <head>
    <meta charset="UTF-8" />
    <link rel="shortcut icon" href="https://weibo.com/favicon.ico" />
    <meta name="viewport" content="width=device-width, initial-scale=1.0, user-scalable=no, viewport-fit=cover" />
    <meta http-equiv="Content-Security-Policy" content="upgrade-insecure-requests" />
    <script src="https://passport.sinaimg.cn/js/fp/90186b2b.umd.js" defer="defer"></script>
    <title>ç»å½ - å¾®å</title>
    <script type="module" crossorigin src="https://h5.sinaimg.cn/m/login/assets/index-mtehuK3_.js"></script>
    <link rel="stylesheet" crossorigin href="https://h5.sinaimg.cn/m/login/assets/index-oDJgPySu.css">
    <script type="module">import.meta.url;import("_").catch(()=>1);(async function*(){})().next();if(location.protocol!="file:"){window.__vite_is_modern_browser=true}</script>
    <script type="module">!function(){if(window.__vite_is_modern_browser)return;console.warn("vite: loading legacy chunks, syntax error above and the same error below should be ignored");var e=document.getElementById("vite-legacy-polyfill"),n=document.createElement("script");n.src=e.src,n.onload=function(){System.import(document.getElementById('vite-legacy-entry').getAttribute('data-src'))},document.body.appendChild(n)}();</script>
  </head>
  <body>
    <div id="app"></div>
    <script nomodule>!function(){var e=document,t=e.createElement("script");if(!("noModule"in t)&&"onbeforeload"in t){var n=!1;e.addEventListener("beforeload",(function(e){if(e.target===t)n=!0;else if(!e.target.hasAttribute("nomodule")||!n)return;e.preventDefault()}),!0),t.type="module",t.src=".",e.head.appendChild(t),t.remove()}}();</script>
    <script nomodule crossorigin id="vite-legacy-polyfill" src="https://h5.sinaimg.cn/m/login/assets/polyfills-legacy-a6DDm_QJ.js"></script>
    <script nomodule crossorigin id="vite-legacy-entry" data-src="https://h5.sinaimg.cn/m/login/assets/index-legacy-t6EJiOSU.js">System.import(document.getElementById('vite-legacy-entry').getAttribute('data-src'))</script>
  </body>
</html>
: 0
2025-05-25 20:15:46,557 - ERROR - 请求第2页时出错: [Errno Expecting value] <!doctype html>
<html lang="en">
  <head>
    <meta charset="UTF-8" />
    <link rel="shortcut icon" href="https://weibo.com/favicon.ico" />
    <meta name="viewport" content="width=device-width, initial-scale=1.0, user-scalable=no, viewport-fit=cover" />
    <meta http-equiv="Content-Security-Policy" content="upgrade-insecure-requests" />
    <script src="https://passport.sinaimg.cn/js/fp/90186b2b.umd.js" defer="defer"></script>
    <title>ç»å½ - å¾®å</title>
    <script type="module" crossorigin src="https://h5.sinaimg.cn/m/login/assets/index-mtehuK3_.js"></script>
    <link rel="stylesheet" crossorigin href="https://h5.sinaimg.cn/m/login/assets/index-oDJgPySu.css">
    <script type="module">import.meta.url;import("_").catch(()=>1);(async function*(){})().next();if(location.protocol!="file:"){window.__vite_is_modern_browser=true}</script>
    <script type="module">!function(){if(window.__vite_is_modern_browser)return;console.warn("vite: loading legacy chunks, syntax error above and the same error below should be ignored");var e=document.getElementById("vite-legacy-polyfill"),n=document.createElement("script");n.src=e.src,n.onload=function(){System.import(document.getElementById('vite-legacy-entry').getAttribute('data-src'))},document.body.appendChild(n)}();</script>
  </head>
  <body>
    <div id="app"></div>
    <script nomodule>!function(){var e=document,t=e.createElement("script");if(!("noModule"in t)&&"onbeforeload"in t){var n=!1;e.addEventListener("beforeload",(function(e){if(e.target===t)n=!0;else if(!e.target.hasAttribute("nomodule")||!n)return;e.preventDefault()}),!0),t.type="module",t.src=".",e.head.appendChild(t),t.remove()}}();</script>
    <script nomodule crossorigin id="vite-legacy-polyfill" src="https://h5.sinaimg.cn/m/login/assets/polyfills-legacy-a6DDm_QJ.js"></script>
    <script nomodule crossorigin id="vite-legacy-entry" data-src="https://h5.sinaimg.cn/m/login/assets/index-legacy-t6EJiOSU.js">System.import(document.getElementById('vite-legacy-entry').getAttribute('data-src'))</script>
  </body>
</html>
: 0
2025-05-25 20:15:53,506 - ERROR - 请求第2页时出错: [Errno Expecting value] <!doctype html>
<html lang="en">
  <head>
    <meta charset="UTF-8" />
    <link rel="shortcut icon" href="https://weibo.com/favicon.ico" />
    <meta name="viewport" content="width=device-width, initial-scale=1.0, user-scalable=no, viewport-fit=cover" />
    <meta http-equiv="Content-Security-Policy" content="upgrade-insecure-requests" />
    <script src="https://passport.sinaimg.cn/js/fp/90186b2b.umd.js" defer="defer"></script>
    <title>ç»å½ - å¾®å</title>
    <script type="module" crossorigin src="https://h5.sinaimg.cn/m/login/assets/index-mtehuK3_.js"></script>
    <link rel="stylesheet" crossorigin href="https://h5.sinaimg.cn/m/login/assets/index-oDJgPySu.css">
    <script type="module">import.meta.url;import("_").catch(()=>1);(async function*(){})().next();if(location.protocol!="file:"){window.__vite_is_modern_browser=true}</script>
    <script type="module">!function(){if(window.__vite_is_modern_browser)return;console.warn("vite: loading legacy chunks, syntax error above and the same error below should be ignored");var e=document.getElementById("vite-legacy-polyfill"),n=document.createElement("script");n.src=e.src,n.onload=function(){System.import(document.getElementById('vite-legacy-entry').getAttribute('data-src'))},document.body.appendChild(n)}();</script>
  </head>
  <body>
    <div id="app"></div>
    <script nomodule>!function(){var e=document,t=e.createElement("script");if(!("noModule"in t)&&"onbeforeload"in t){var n=!1;e.addEventListener("beforeload",(function(e){if(e.target===t)n=!0;else if(!e.target.hasAttribute("nomodule")||!n)return;e.preventDefault()}),!0),t.type="module",t.src=".",e.head.appendChild(t),t.remove()}}();</script>
    <script nomodule crossorigin id="vite-legacy-polyfill" src="https://h5.sinaimg.cn/m/login/assets/polyfills-legacy-a6DDm_QJ.js"></script>
    <script nomodule crossorigin id="vite-legacy-entry" data-src="https://h5.sinaimg.cn/m/login/assets/index-legacy-t6EJiOSU.js">System.import(document.getElementById('vite-legacy-entry').getAttribute('data-src'))</script>
  </body>
</html>
: 0
2025-05-25 20:16:00,468 - ERROR - 请求第2页时出错: [Errno Expecting value] <!doctype html>
<html lang="en">
  <head>
    <meta charset="UTF-8" />
    <link rel="shortcut icon" href="https://weibo.com/favicon.ico" />
    <meta name="viewport" content="width=device-width, initial-scale=1.0, user-scalable=no, viewport-fit=cover" />
    <meta http-equiv="Content-Security-Policy" content="upgrade-insecure-requests" />
    <script src="https://passport.sinaimg.cn/js/fp/90186b2b.umd.js" defer="defer"></script>
    <title>ç»å½ - å¾®å</title>
    <script type="module" crossorigin src="https://h5.sinaimg.cn/m/login/assets/index-mtehuK3_.js"></script>
    <link rel="stylesheet" crossorigin href="https://h5.sinaimg.cn/m/login/assets/index-oDJgPySu.css">
    <script type="module">import.meta.url;import("_").catch(()=>1);(async function*(){})().next();if(location.protocol!="file:"){window.__vite_is_modern_browser=true}</script>
    <script type="module">!function(){if(window.__vite_is_modern_browser)return;console.warn("vite: loading legacy chunks, syntax error above and the same error below should be ignored");var e=document.getElementById("vite-legacy-polyfill"),n=document.createElement("script");n.src=e.src,n.onload=function(){System.import(document.getElementById('vite-legacy-entry').getAttribute('data-src'))},document.body.appendChild(n)}();</script>
  </head>
  <body>
    <div id="app"></div>
    <script nomodule>!function(){var e=document,t=e.createElement("script");if(!("noModule"in t)&&"onbeforeload"in t){var n=!1;e.addEventListener("beforeload",(function(e){if(e.target===t)n=!0;else if(!e.target.hasAttribute("nomodule")||!n)return;e.preventDefault()}),!0),t.type="module",t.src=".",e.head.appendChild(t),t.remove()}}();</script>
    <script nomodule crossorigin id="vite-legacy-polyfill" src="https://h5.sinaimg.cn/m/login/assets/polyfills-legacy-a6DDm_QJ.js"></script>
    <script nomodule crossorigin id="vite-legacy-entry" data-src="https://h5.sinaimg.cn/m/login/assets/index-legacy-t6EJiOSU.js">System.import(document.getElementById('vite-legacy-entry').getAttribute('data-src'))</script>
  </body>
</html>
: 0
2025-05-25 20:16:07,796 - ERROR - 请求第2页时出错: [Errno Expecting value] <!doctype html>
<html lang="en">
  <head>
    <meta charset="UTF-8" />
    <link rel="shortcut icon" href="https://weibo.com/favicon.ico" />
    <meta name="viewport" content="width=device-width, initial-scale=1.0, user-scalable=no, viewport-fit=cover" />
    <meta http-equiv="Content-Security-Policy" content="upgrade-insecure-requests" />
    <script src="https://passport.sinaimg.cn/js/fp/90186b2b.umd.js" defer="defer"></script>
    <title>ç»å½ - å¾®å</title>
    <script type="module" crossorigin src="https://h5.sinaimg.cn/m/login/assets/index-mtehuK3_.js"></script>
    <link rel="stylesheet" crossorigin href="https://h5.sinaimg.cn/m/login/assets/index-oDJgPySu.css">
    <script type="module">import.meta.url;import("_").catch(()=>1);(async function*(){})().next();if(location.protocol!="file:"){window.__vite_is_modern_browser=true}</script>
    <script type="module">!function(){if(window.__vite_is_modern_browser)return;console.warn("vite: loading legacy chunks, syntax error above and the same error below should be ignored");var e=document.getElementById("vite-legacy-polyfill"),n=document.createElement("script");n.src=e.src,n.onload=function(){System.import(document.getElementById('vite-legacy-entry').getAttribute('data-src'))},document.body.appendChild(n)}();</script>
  </head>
  <body>
    <div id="app"></div>
    <script nomodule>!function(){var e=document,t=e.createElement("script");if(!("noModule"in t)&&"onbeforeload"in t){var n=!1;e.addEventListener("beforeload",(function(e){if(e.target===t)n=!0;else if(!e.target.hasAttribute("nomodule")||!n)return;e.preventDefault()}),!0),t.type="module",t.src=".",e.head.appendChild(t),t.remove()}}();</script>
    <script nomodule crossorigin id="vite-legacy-polyfill" src="https://h5.sinaimg.cn/m/login/assets/polyfills-legacy-a6DDm_QJ.js"></script>
    <script nomodule crossorigin id="vite-legacy-entry" data-src="https://h5.sinaimg.cn/m/login/assets/index-legacy-t6EJiOSU.js">System.import(document.getElementById('vite-legacy-entry').getAttribute('data-src'))</script>
  </body>
</html>
: 0
2025-05-25 20:16:44,355 - INFO - 开始爬取微博 5168394120204851 的评论
2025-05-25 20:16:46,465 - INFO - 已爬取第1页，共 20 条评论
2025-05-25 20:16:49,527 - ERROR - 请求第2页时出错: [Errno Expecting value] <!doctype html>
<html lang="en">
  <head>
    <meta charset="UTF-8" />
    <link rel="shortcut icon" href="https://weibo.com/favicon.ico" />
    <meta name="viewport" content="width=device-width, initial-scale=1.0, user-scalable=no, viewport-fit=cover" />
    <meta http-equiv="Content-Security-Policy" content="upgrade-insecure-requests" />
    <script src="https://passport.sinaimg.cn/js/fp/90186b2b.umd.js" defer="defer"></script>
    <title>ç»å½ - å¾®å</title>
    <script type="module" crossorigin src="https://h5.sinaimg.cn/m/login/assets/index-mtehuK3_.js"></script>
    <link rel="stylesheet" crossorigin href="https://h5.sinaimg.cn/m/login/assets/index-oDJgPySu.css">
    <script type="module">import.meta.url;import("_").catch(()=>1);(async function*(){})().next();if(location.protocol!="file:"){window.__vite_is_modern_browser=true}</script>
    <script type="module">!function(){if(window.__vite_is_modern_browser)return;console.warn("vite: loading legacy chunks, syntax error above and the same error below should be ignored");var e=document.getElementById("vite-legacy-polyfill"),n=document.createElement("script");n.src=e.src,n.onload=function(){System.import(document.getElementById('vite-legacy-entry').getAttribute('data-src'))},document.body.appendChild(n)}();</script>
  </head>
  <body>
    <div id="app"></div>
    <script nomodule>!function(){var e=document,t=e.createElement("script");if(!("noModule"in t)&&"onbeforeload"in t){var n=!1;e.addEventListener("beforeload",(function(e){if(e.target===t)n=!0;else if(!e.target.hasAttribute("nomodule")||!n)return;e.preventDefault()}),!0),t.type="module",t.src=".",e.head.appendChild(t),t.remove()}}();</script>
    <script nomodule crossorigin id="vite-legacy-polyfill" src="https://h5.sinaimg.cn/m/login/assets/polyfills-legacy-a6DDm_QJ.js"></script>
    <script nomodule crossorigin id="vite-legacy-entry" data-src="https://h5.sinaimg.cn/m/login/assets/index-legacy-t6EJiOSU.js">System.import(document.getElementById('vite-legacy-entry').getAttribute('data-src'))</script>
  </body>
</html>
: 0
2025-05-25 20:16:58,764 - ERROR - 请求第2页时出错: [Errno Expecting value] <!doctype html>
<html lang="en">
  <head>
    <meta charset="UTF-8" />
    <link rel="shortcut icon" href="https://weibo.com/favicon.ico" />
    <meta name="viewport" content="width=device-width, initial-scale=1.0, user-scalable=no, viewport-fit=cover" />
    <meta http-equiv="Content-Security-Policy" content="upgrade-insecure-requests" />
    <script src="https://passport.sinaimg.cn/js/fp/90186b2b.umd.js" defer="defer"></script>
    <title>ç»å½ - å¾®å</title>
    <script type="module" crossorigin src="https://h5.sinaimg.cn/m/login/assets/index-mtehuK3_.js"></script>
    <link rel="stylesheet" crossorigin href="https://h5.sinaimg.cn/m/login/assets/index-oDJgPySu.css">
    <script type="module">import.meta.url;import("_").catch(()=>1);(async function*(){})().next();if(location.protocol!="file:"){window.__vite_is_modern_browser=true}</script>
    <script type="module">!function(){if(window.__vite_is_modern_browser)return;console.warn("vite: loading legacy chunks, syntax error above and the same error below should be ignored");var e=document.getElementById("vite-legacy-polyfill"),n=document.createElement("script");n.src=e.src,n.onload=function(){System.import(document.getElementById('vite-legacy-entry').getAttribute('data-src'))},document.body.appendChild(n)}();</script>
  </head>
  <body>
    <div id="app"></div>
    <script nomodule>!function(){var e=document,t=e.createElement("script");if(!("noModule"in t)&&"onbeforeload"in t){var n=!1;e.addEventListener("beforeload",(function(e){if(e.target===t)n=!0;else if(!e.target.hasAttribute("nomodule")||!n)return;e.preventDefault()}),!0),t.type="module",t.src=".",e.head.appendChild(t),t.remove()}}();</script>
    <script nomodule crossorigin id="vite-legacy-polyfill" src="https://h5.sinaimg.cn/m/login/assets/polyfills-legacy-a6DDm_QJ.js"></script>
    <script nomodule crossorigin id="vite-legacy-entry" data-src="https://h5.sinaimg.cn/m/login/assets/index-legacy-t6EJiOSU.js">System.import(document.getElementById('vite-legacy-entry').getAttribute('data-src'))</script>
  </body>
</html>
: 0
2025-05-25 20:17:08,333 - ERROR - 请求第2页时出错: [Errno Expecting value] <!doctype html>
<html lang="en">
  <head>
    <meta charset="UTF-8" />
    <link rel="shortcut icon" href="https://weibo.com/favicon.ico" />
    <meta name="viewport" content="width=device-width, initial-scale=1.0, user-scalable=no, viewport-fit=cover" />
    <meta http-equiv="Content-Security-Policy" content="upgrade-insecure-requests" />
    <script src="https://passport.sinaimg.cn/js/fp/90186b2b.umd.js" defer="defer"></script>
    <title>ç»å½ - å¾®å</title>
    <script type="module" crossorigin src="https://h5.sinaimg.cn/m/login/assets/index-mtehuK3_.js"></script>
    <link rel="stylesheet" crossorigin href="https://h5.sinaimg.cn/m/login/assets/index-oDJgPySu.css">
    <script type="module">import.meta.url;import("_").catch(()=>1);(async function*(){})().next();if(location.protocol!="file:"){window.__vite_is_modern_browser=true}</script>
    <script type="module">!function(){if(window.__vite_is_modern_browser)return;console.warn("vite: loading legacy chunks, syntax error above and the same error below should be ignored");var e=document.getElementById("vite-legacy-polyfill"),n=document.createElement("script");n.src=e.src,n.onload=function(){System.import(document.getElementById('vite-legacy-entry').getAttribute('data-src'))},document.body.appendChild(n)}();</script>
  </head>
  <body>
    <div id="app"></div>
    <script nomodule>!function(){var e=document,t=e.createElement("script");if(!("noModule"in t)&&"onbeforeload"in t){var n=!1;e.addEventListener("beforeload",(function(e){if(e.target===t)n=!0;else if(!e.target.hasAttribute("nomodule")||!n)return;e.preventDefault()}),!0),t.type="module",t.src=".",e.head.appendChild(t),t.remove()}}();</script>
    <script nomodule crossorigin id="vite-legacy-polyfill" src="https://h5.sinaimg.cn/m/login/assets/polyfills-legacy-a6DDm_QJ.js"></script>
    <script nomodule crossorigin id="vite-legacy-entry" data-src="https://h5.sinaimg.cn/m/login/assets/index-legacy-t6EJiOSU.js">System.import(document.getElementById('vite-legacy-entry').getAttribute('data-src'))</script>
  </body>
</html>
: 0
2025-05-25 20:17:17,161 - ERROR - 请求第2页时出错: [Errno Expecting value] <!doctype html>
<html lang="en">
  <head>
    <meta charset="UTF-8" />
    <link rel="shortcut icon" href="https://weibo.com/favicon.ico" />
    <meta name="viewport" content="width=device-width, initial-scale=1.0, user-scalable=no, viewport-fit=cover" />
    <meta http-equiv="Content-Security-Policy" content="upgrade-insecure-requests" />
    <script src="https://passport.sinaimg.cn/js/fp/90186b2b.umd.js" defer="defer"></script>
    <title>ç»å½ - å¾®å</title>
    <script type="module" crossorigin src="https://h5.sinaimg.cn/m/login/assets/index-mtehuK3_.js"></script>
    <link rel="stylesheet" crossorigin href="https://h5.sinaimg.cn/m/login/assets/index-oDJgPySu.css">
    <script type="module">import.meta.url;import("_").catch(()=>1);(async function*(){})().next();if(location.protocol!="file:"){window.__vite_is_modern_browser=true}</script>
    <script type="module">!function(){if(window.__vite_is_modern_browser)return;console.warn("vite: loading legacy chunks, syntax error above and the same error below should be ignored");var e=document.getElementById("vite-legacy-polyfill"),n=document.createElement("script");n.src=e.src,n.onload=function(){System.import(document.getElementById('vite-legacy-entry').getAttribute('data-src'))},document.body.appendChild(n)}();</script>
  </head>
  <body>
    <div id="app"></div>
    <script nomodule>!function(){var e=document,t=e.createElement("script");if(!("noModule"in t)&&"onbeforeload"in t){var n=!1;e.addEventListener("beforeload",(function(e){if(e.target===t)n=!0;else if(!e.target.hasAttribute("nomodule")||!n)return;e.preventDefault()}),!0),t.type="module",t.src=".",e.head.appendChild(t),t.remove()}}();</script>
    <script nomodule crossorigin id="vite-legacy-polyfill" src="https://h5.sinaimg.cn/m/login/assets/polyfills-legacy-a6DDm_QJ.js"></script>
    <script nomodule crossorigin id="vite-legacy-entry" data-src="https://h5.sinaimg.cn/m/login/assets/index-legacy-t6EJiOSU.js">System.import(document.getElementById('vite-legacy-entry').getAttribute('data-src'))</script>
  </body>
</html>
: 0
2025-05-25 20:17:25,340 - ERROR - 请求第2页时出错: [Errno Expecting value] <!doctype html>
<html lang="en">
  <head>
    <meta charset="UTF-8" />
    <link rel="shortcut icon" href="https://weibo.com/favicon.ico" />
    <meta name="viewport" content="width=device-width, initial-scale=1.0, user-scalable=no, viewport-fit=cover" />
    <meta http-equiv="Content-Security-Policy" content="upgrade-insecure-requests" />
    <script src="https://passport.sinaimg.cn/js/fp/90186b2b.umd.js" defer="defer"></script>
    <title>ç»å½ - å¾®å</title>
    <script type="module" crossorigin src="https://h5.sinaimg.cn/m/login/assets/index-mtehuK3_.js"></script>
    <link rel="stylesheet" crossorigin href="https://h5.sinaimg.cn/m/login/assets/index-oDJgPySu.css">
    <script type="module">import.meta.url;import("_").catch(()=>1);(async function*(){})().next();if(location.protocol!="file:"){window.__vite_is_modern_browser=true}</script>
    <script type="module">!function(){if(window.__vite_is_modern_browser)return;console.warn("vite: loading legacy chunks, syntax error above and the same error below should be ignored");var e=document.getElementById("vite-legacy-polyfill"),n=document.createElement("script");n.src=e.src,n.onload=function(){System.import(document.getElementById('vite-legacy-entry').getAttribute('data-src'))},document.body.appendChild(n)}();</script>
  </head>
  <body>
    <div id="app"></div>
    <script nomodule>!function(){var e=document,t=e.createElement("script");if(!("noModule"in t)&&"onbeforeload"in t){var n=!1;e.addEventListener("beforeload",(function(e){if(e.target===t)n=!0;else if(!e.target.hasAttribute("nomodule")||!n)return;e.preventDefault()}),!0),t.type="module",t.src=".",e.head.appendChild(t),t.remove()}}();</script>
    <script nomodule crossorigin id="vite-legacy-polyfill" src="https://h5.sinaimg.cn/m/login/assets/polyfills-legacy-a6DDm_QJ.js"></script>
    <script nomodule crossorigin id="vite-legacy-entry" data-src="https://h5.sinaimg.cn/m/login/assets/index-legacy-t6EJiOSU.js">System.import(document.getElementById('vite-legacy-entry').getAttribute('data-src'))</script>
  </body>
</html>
: 0
2025-05-25 20:17:34,455 - ERROR - 请求第2页时出错: [Errno Expecting value] <!doctype html>
<html lang="en">
  <head>
    <meta charset="UTF-8" />
    <link rel="shortcut icon" href="https://weibo.com/favicon.ico" />
    <meta name="viewport" content="width=device-width, initial-scale=1.0, user-scalable=no, viewport-fit=cover" />
    <meta http-equiv="Content-Security-Policy" content="upgrade-insecure-requests" />
    <script src="https://passport.sinaimg.cn/js/fp/90186b2b.umd.js" defer="defer"></script>
    <title>ç»å½ - å¾®å</title>
    <script type="module" crossorigin src="https://h5.sinaimg.cn/m/login/assets/index-mtehuK3_.js"></script>
    <link rel="stylesheet" crossorigin href="https://h5.sinaimg.cn/m/login/assets/index-oDJgPySu.css">
    <script type="module">import.meta.url;import("_").catch(()=>1);(async function*(){})().next();if(location.protocol!="file:"){window.__vite_is_modern_browser=true}</script>
    <script type="module">!function(){if(window.__vite_is_modern_browser)return;console.warn("vite: loading legacy chunks, syntax error above and the same error below should be ignored");var e=document.getElementById("vite-legacy-polyfill"),n=document.createElement("script");n.src=e.src,n.onload=function(){System.import(document.getElementById('vite-legacy-entry').getAttribute('data-src'))},document.body.appendChild(n)}();</script>
  </head>
  <body>
    <div id="app"></div>
    <script nomodule>!function(){var e=document,t=e.createElement("script");if(!("noModule"in t)&&"onbeforeload"in t){var n=!1;e.addEventListener("beforeload",(function(e){if(e.target===t)n=!0;else if(!e.target.hasAttribute("nomodule")||!n)return;e.preventDefault()}),!0),t.type="module",t.src=".",e.head.appendChild(t),t.remove()}}();</script>
    <script nomodule crossorigin id="vite-legacy-polyfill" src="https://h5.sinaimg.cn/m/login/assets/polyfills-legacy-a6DDm_QJ.js"></script>
    <script nomodule crossorigin id="vite-legacy-entry" data-src="https://h5.sinaimg.cn/m/login/assets/index-legacy-t6EJiOSU.js">System.import(document.getElementById('vite-legacy-entry').getAttribute('data-src'))</script>
  </body>
</html>
: 0
